mode: atomic
iKnowThisWord/internal/model/card.go:14.33,20.2 1 6
iKnowThisWord/internal/store/postgres/card_repository.go:11.56,17.16 3 1
iKnowThisWord/internal/store/postgres/card_repository.go:21.2,23.18 2 1
iKnowThisWord/internal/store/postgres/card_repository.go:33.2,33.34 1 1
iKnowThisWord/internal/store/postgres/card_repository.go:37.2,37.19 1 1
iKnowThisWord/internal/store/postgres/card_repository.go:17.16,19.3 1 0
iKnowThisWord/internal/store/postgres/card_repository.go:23.18,26.17 3 3
iKnowThisWord/internal/store/postgres/card_repository.go:30.3,30.30 1 3
iKnowThisWord/internal/store/postgres/card_repository.go:26.17,28.4 1 0
iKnowThisWord/internal/store/postgres/card_repository.go:33.34,35.3 1 0
iKnowThisWord/internal/store/postgres/card_repository.go:40.64,41.23 1 0
iKnowThisWord/internal/store/postgres/card_repository.go:44.55,50.2 1 5
iKnowThisWord/internal/store/postgres/card_repository.go:52.54,54.16 2 1
iKnowThisWord/internal/store/postgres/card_repository.go:58.2,59.16 2 1
iKnowThisWord/internal/store/postgres/card_repository.go:63.2,63.30 1 1
iKnowThisWord/internal/store/postgres/card_repository.go:54.16,56.3 1 0
iKnowThisWord/internal/store/postgres/card_repository.go:59.16,61.3 1 0
iKnowThisWord/internal/store/postgres/postgres.go:8.49,11.16 2 0
iKnowThisWord/internal/store/postgres/postgres.go:15.2,15.34 1 0
iKnowThisWord/internal/store/postgres/postgres.go:19.2,19.16 1 0
iKnowThisWord/internal/store/postgres/postgres.go:11.16,13.3 1 0
iKnowThisWord/internal/store/postgres/postgres.go:15.34,17.3 1 0
iKnowThisWord/internal/store/postgres/store.go:13.45,14.29 1 7
iKnowThisWord/internal/store/postgres/store.go:18.2,22.25 2 1
iKnowThisWord/internal/store/postgres/store.go:14.29,16.3 1 6
iKnowThisWord/internal/store/postgres/store.go:25.34,27.2 1 0
iKnowThisWord/internal/card.go:12.52,13.54 1 2
iKnowThisWord/internal/card.go:13.54,15.17 2 1
iKnowThisWord/internal/card.go:19.3,19.40 1 1
iKnowThisWord/internal/card.go:15.17,17.4 1 0
iKnowThisWord/internal/card.go:23.56,24.54 1 1
iKnowThisWord/internal/card.go:24.54,27.17 2 0
iKnowThisWord/internal/card.go:27.17,28.14 1 0
iKnowThisWord/internal/card.go:33.52,39.54 2 5
iKnowThisWord/internal/card.go:39.54,42.61 2 4
iKnowThisWord/internal/card.go:46.3,51.38 2 4
iKnowThisWord/internal/card.go:56.3,56.48 1 1
iKnowThisWord/internal/card.go:61.3,61.44 1 1
iKnowThisWord/internal/card.go:42.61,44.4 1 0
iKnowThisWord/internal/card.go:51.38,54.4 2 3
iKnowThisWord/internal/card.go:56.48,59.4 2 0
iKnowThisWord/internal/card.go:65.54,66.54 1 3
iKnowThisWord/internal/card.go:66.54,69.17 3 2
iKnowThisWord/internal/card.go:74.3,76.17 2 2
iKnowThisWord/internal/card.go:86.3,86.53 1 0
iKnowThisWord/internal/card.go:69.17,72.4 2 0
iKnowThisWord/internal/card.go:76.17,77.13 1 2
iKnowThisWord/internal/card.go:82.4,83.10 2 1
iKnowThisWord/internal/card.go:77.13,80.5 2 1
iKnowThisWord/internal/config.go:10.26,14.2 1 0
iKnowThisWord/internal/routes.go:9.54,12.2 2 1
iKnowThisWord/internal/routes.go:14.50,25.2 6 1
iKnowThisWord/internal/server.go:17.66,26.2 3 1
iKnowThisWord/internal/server.go:28.85,30.2 1 4
iKnowThisWord/internal/server.go:32.94,35.17 2 7
iKnowThisWord/internal/server.go:35.17,37.3 1 7
